[14:56:16] [main/INFO]: Setting user: ABKQPO
[14:56:18] [Client thread/INFO]: LWJGL Version: 2.9.4
[14:56:30] [Client thread/INFO]: Reloading ResourceManager: Default, FMLFileResourcePack:Forge Mod Loader, FMLFileResourcePack:Minecraft Forge, FMLFileResourcePack:NotEnoughItems, FMLFileResourcePack:ScienceNotLeisure, FMLFileResourcePack:GTNH-Intergalactic, FMLFileResourcePack:GT: New Horizons, FMLFileResourcePack:GalaxySpace, FMLFileResourcePack:Galacticraft Core, FMLFileResourcePack:Galacticraft Planets, FMLFileResourcePack:GregTech, FMLFileResourcePack:GigaGramFab, FMLFileResourcePack:BartWorks Mod Additions - TGregworks Container, FMLFileResourcePack:BartWorks Mod Additions, FMLFileResourcePack:Good Generator, FMLFileResourcePack:GregTech ToxicEverglades, FMLFileResourcePack:GT++, FMLFileResourcePack:GTNH: Lanthanides, FMLFileResourcePack:GT Scanner Mod, FMLFileResourcePack:KubaTech, FMLFileResourcePack:BartWorks, FMLFileResourcePack:Galactic Greg, FMLFileResourcePack:KekzTech, FMLFileResourcePack:TecTech - Tec Technology!, FMLFileResourcePack:GT NEI Ore Plugin GT:NH Mod, FMLFileResourcePack:SG Craft, FMLFileResourcePack:AE2 Fluid Crafting, FMLFileResourcePack:Avaritiaddons, FMLFileResourcePack:Eternal Singularity, FMLFileResourcePack:UniversalSingularities, FMLFileResourcePack:Avaritia, FMLFileResourcePack:Draconic Evolution, FMLFileResourcePack:Magic Bees, FMLFileResourcePack:Thaumic Energistics, FMLFileResourcePack:Botania, FMLFileResourcePack:Super Solar Panel, FMLFileResourcePack:Electro-Magic Tools, FMLFileResourcePack:Witchery++, FMLFileResourcePack:Blood Magic: Alchemical Wizardry, FMLFileResourcePack:AE2 Wireless Crafting Terminal, FMLFileResourcePack:Thaumic Boots, FMLFileResourcePack:Thaumic Exploration, FMLFileResourcePack:Tainted Magic, FMLFileResourcePack:Thaumcraft NEI Additions, FMLFileResourcePack:Baubles, FMLFileResourcePack:Tinkers' Construct, FMLFileResourcePack:Hodgepodge, FMLFileResourcePack:StructureLib, FMLFileResourcePack:ModularUI, FMLFileResourcePack:Waila, FMLFileResourcePack:Applied Energistics 2, FMLFileResourcePack:OpenComputers, FMLFileResourcePack:EnderCore, FMLFileResourcePack:Iron Chests, FMLFileResourcePack:Postea, FMLFileResourcePack:NotEnoughIDs, FMLFileResourcePack:Modular UI 2, FMLFileResourcePack:YAMCore, FMLFileResourcePack:WanionLib, FMLFileResourcePack:Brandon's Core, FMLFileResourcePack:Forestry, FMLFileResourcePack:Mantle, FMLFileResourcePack:Forge Multipart, FMLFileResourcePack:Minecraft Multipart Plugin, FMLFileResourcePack:Forge Microblocks, FMLFileResourcePack:AppleCore, FMLFileResourcePack:GTNH Lib, FMLFileResourcePack:Thaumcraft, FMLFileResourcePack:Advanced Solar Panels, FMLFileResourcePack:BlockRenderer6343, FMLFileResourcePack:UniMixins, FMLFileResourcePack:UniMixins: Mixin (UniMix), FMLFileResourcePack:UniMixins: Compatibility, FMLFileResourcePack:UniMixins: Mixingasm, FMLFileResourcePack:UniMixins: SpongeMixins, FMLFileResourcePack:UniMixins: MixinBooterLegacy, FMLFileResourcePack:UniMixins: GasStation, FMLFileResourcePack:UniMixins: GTNHMixins, FMLFileResourcePack:UniMixins: MixinExtras, IC2 resource pack injected by Hodgepodge, FMLFileResourcePack:CoFH Core, FMLFileResourcePack:Thaumcraft NEI Plugin, FMLFileResourcePack:Witchery, FMLFileResourcePack:Ender IO, FMLFileResourcePack:Extra Utilities, FMLFileResourcePack:Omni Ocular Unofficial, §cCozyUI§b+ §7v1.0 §0[1.7.10]青春附加包1.1.zip
[14:56:30] [Client thread/WARN]: ResourcePack: ignored non-lowercase namespace: WitcheryExtras in C:\Users\123\.gradle\caches\modules-2\files-2.1\com.github.GTNewHorizons\WitcheryExtras\1.2.2\85d007679055684e49edb12131231f8d6dd3f302\WitcheryExtras-1.2.2-dev.jar
[14:56:30] [Client thread/WARN]: ResourcePack: ignored non-lowercase namespace: WitcheryExtras in C:\Users\123\.gradle\caches\modules-2\files-2.1\com.github.GTNewHorizons\WitcheryExtras\1.2.2\85d007679055684e49edb12131231f8d6dd3f302\WitcheryExtras-1.2.2-dev.jar
[14:56:30] [Client thread/WARN]: ResourcePack: ignored non-lowercase namespace: WitcheryExtras in C:\Users\123\.gradle\caches\modules-2\files-2.1\com.github.GTNewHorizons\WitcheryExtras\1.2.2\85d007679055684e49edb12131231f8d6dd3f302\WitcheryExtras-1.2.2-dev.jar
[14:56:30] [Client thread/WARN]: ResourcePack: ignored non-lowercase namespace: WitcheryExtras in C:\Users\123\.gradle\caches\modules-2\files-2.1\com.github.GTNewHorizons\WitcheryExtras\1.2.2\85d007679055684e49edb12131231f8d6dd3f302\WitcheryExtras-1.2.2-dev.jar
[14:56:30] [Client thread/WARN]: ResourcePack: ignored non-lowercase namespace: alchemicalwizardryBooks in C:\Users\123\.gradle\caches\modules-2\files-2.1\com.github.GTNewHorizons\BloodMagic\1.6.2\f6e222177e7665ea2a6afb44533cfef6cb4f7091\BloodMagic-1.6.2-dev.jar
[14:56:30] [Client thread/WARN]: ResourcePack: ignored non-lowercase namespace: alchemicalwizardryBooks in C:\Users\123\.gradle\caches\modules-2\files-2.1\com.github.GTNewHorizons\BloodMagic\1.6.2\f6e222177e7665ea2a6afb44533cfef6cb4f7091\BloodMagic-1.6.2-dev.jar
[14:56:30] [Client thread/WARN]: ResourcePack: ignored non-lowercase namespace: alchemicalwizardryBooks in C:\Users\123\.gradle\caches\modules-2\files-2.1\com.github.GTNewHorizons\BloodMagic\1.6.2\f6e222177e7665ea2a6afb44533cfef6cb4f7091\BloodMagic-1.6.2-dev.jar
[14:56:30] [Client thread/WARN]: ResourcePack: ignored non-lowercase namespace: alchemicalwizardryBooks in C:\Users\123\.gradle\caches\modules-2\files-2.1\com.github.GTNewHorizons\BloodMagic\1.6.2\f6e222177e7665ea2a6afb44533cfef6cb4f7091\BloodMagic-1.6.2-dev.jar
[14:56:30] [Client thread/WARN]: ResourcePack: ignored non-lowercase namespace: alchemicalwizardryBooks in C:\Users\123\.gradle\caches\modules-2\files-2.1\com.github.GTNewHorizons\BloodMagic\1.6.2\f6e222177e7665ea2a6afb44533cfef6cb4f7091\BloodMagic-1.6.2-dev.jar
[14:56:30] [Client thread/WARN]: ResourcePack: ignored non-lowercase namespace: alchemicalwizardryBooks in C:\Users\123\.gradle\caches\modules-2\files-2.1\com.github.GTNewHorizons\BloodMagic\1.6.2\f6e222177e7665ea2a6afb44533cfef6cb4f7091\BloodMagic-1.6.2-dev.jar
[14:56:49] [Client thread/INFO]: Created: 16x16 textures/blocks-atlas
[14:56:49] [Client thread/INFO]: Created: 16x16 textures/items-atlas
[14:56:49] [Sound Library Loader/INFO]: Sound engine started
[14:57:29] [Client thread/INFO]: Reloading ResourceManager: Default, FMLFileResourcePack:Forge Mod Loader, FMLFileResourcePack:Minecraft Forge, FMLFileResourcePack:NotEnoughItems, FMLFileResourcePack:ScienceNotLeisure, FMLFileResourcePack:GTNH-Intergalactic, FMLFileResourcePack:GT: New Horizons, FMLFileResourcePack:GalaxySpace, FMLFileResourcePack:Galacticraft Core, FMLFileResourcePack:Galacticraft Planets, FMLFileResourcePack:GregTech, FMLFileResourcePack:GigaGramFab, FMLFileResourcePack:BartWorks Mod Additions - TGregworks Container, FMLFileResourcePack:BartWorks Mod Additions, FMLFileResourcePack:Good Generator, FMLFileResourcePack:GregTech ToxicEverglades, FMLFileResourcePack:GT++, FMLFileResourcePack:GTNH: Lanthanides, FMLFileResourcePack:GT Scanner Mod, FMLFileResourcePack:KubaTech, FMLFileResourcePack:BartWorks, FMLFileResourcePack:Galactic Greg, FMLFileResourcePack:KekzTech, FMLFileResourcePack:TecTech - Tec Technology!, FMLFileResourcePack:GT NEI Ore Plugin GT:NH Mod, FMLFileResourcePack:SG Craft, FMLFileResourcePack:AE2 Fluid Crafting, FMLFileResourcePack:Avaritiaddons, FMLFileResourcePack:Eternal Singularity, FMLFileResourcePack:UniversalSingularities, FMLFileResourcePack:Avaritia, FMLFileResourcePack:Draconic Evolution, FMLFileResourcePack:Magic Bees, FMLFileResourcePack:Thaumic Energistics, FMLFileResourcePack:Botania, FMLFileResourcePack:Super Solar Panel, FMLFileResourcePack:Electro-Magic Tools, FMLFileResourcePack:Witchery++, FMLFileResourcePack:Blood Magic: Alchemical Wizardry, FMLFileResourcePack:AE2 Wireless Crafting Terminal, FMLFileResourcePack:Thaumic Boots, FMLFileResourcePack:Thaumic Exploration, FMLFileResourcePack:Tainted Magic, FMLFileResourcePack:Thaumcraft NEI Additions, FMLFileResourcePack:Baubles, FMLFileResourcePack:Tinkers' Construct, FMLFileResourcePack:Hodgepodge, FMLFileResourcePack:StructureLib, FMLFileResourcePack:ModularUI, FMLFileResourcePack:Waila, FMLFileResourcePack:Applied Energistics 2, FMLFileResourcePack:OpenComputers, FMLFileResourcePack:EnderCore, FMLFileResourcePack:Iron Chests, FMLFileResourcePack:Postea, FMLFileResourcePack:NotEnoughIDs, FMLFileResourcePack:Modular UI 2, FMLFileResourcePack:YAMCore, FMLFileResourcePack:WanionLib, FMLFileResourcePack:Brandon's Core, FMLFileResourcePack:Forestry, FMLFileResourcePack:Mantle, FMLFileResourcePack:Forge Multipart, FMLFileResourcePack:Minecraft Multipart Plugin, FMLFileResourcePack:Forge Microblocks, FMLFileResourcePack:AppleCore, FMLFileResourcePack:GTNH Lib, FMLFileResourcePack:Thaumcraft, FMLFileResourcePack:Advanced Solar Panels, FMLFileResourcePack:BlockRenderer6343, FMLFileResourcePack:UniMixins, FMLFileResourcePack:UniMixins: Mixin (UniMix), FMLFileResourcePack:UniMixins: Compatibility, FMLFileResourcePack:UniMixins: Mixingasm, FMLFileResourcePack:UniMixins: SpongeMixins, FMLFileResourcePack:UniMixins: MixinBooterLegacy, FMLFileResourcePack:UniMixins: GasStation, FMLFileResourcePack:UniMixins: GTNHMixins, FMLFileResourcePack:UniMixins: MixinExtras, IC2 resource pack injected by Hodgepodge, FMLFileResourcePack:CoFH Core, FMLFileResourcePack:Thaumcraft NEI Plugin, FMLFileResourcePack:Witchery, FMLFileResourcePack:Ender IO, FMLFileResourcePack:Extra Utilities, FMLFileResourcePack:Omni Ocular Unofficial, XU_Delegate_Pack, XU_Delegate_Pack, XU_Delegate_Pack, Avaritia_Delegate_Pack, Avaritia_Delegate_Pack, resources, §cCozyUI§b+ §7v1.0 §0[1.7.10]青春附加包1.1.zip
[14:57:29] [Client thread/WARN]: ResourcePack: ignored non-lowercase namespace: WitcheryExtras in C:\Users\123\.gradle\caches\modules-2\files-2.1\com.github.GTNewHorizons\WitcheryExtras\1.2.2\85d007679055684e49edb12131231f8d6dd3f302\WitcheryExtras-1.2.2-dev.jar
[14:57:29] [Client thread/WARN]: ResourcePack: ignored non-lowercase namespace: WitcheryExtras in C:\Users\123\.gradle\caches\modules-2\files-2.1\com.github.GTNewHorizons\WitcheryExtras\1.2.2\85d007679055684e49edb12131231f8d6dd3f302\WitcheryExtras-1.2.2-dev.jar
[14:57:29] [Client thread/WARN]: ResourcePack: ignored non-lowercase namespace: WitcheryExtras in C:\Users\123\.gradle\caches\modules-2\files-2.1\com.github.GTNewHorizons\WitcheryExtras\1.2.2\85d007679055684e49edb12131231f8d6dd3f302\WitcheryExtras-1.2.2-dev.jar
[14:57:29] [Client thread/WARN]: ResourcePack: ignored non-lowercase namespace: WitcheryExtras in C:\Users\123\.gradle\caches\modules-2\files-2.1\com.github.GTNewHorizons\WitcheryExtras\1.2.2\85d007679055684e49edb12131231f8d6dd3f302\WitcheryExtras-1.2.2-dev.jar
[14:57:29] [Client thread/WARN]: ResourcePack: ignored non-lowercase namespace: alchemicalwizardryBooks in C:\Users\123\.gradle\caches\modules-2\files-2.1\com.github.GTNewHorizons\BloodMagic\1.6.2\f6e222177e7665ea2a6afb44533cfef6cb4f7091\BloodMagic-1.6.2-dev.jar
[14:57:29] [Client thread/WARN]: ResourcePack: ignored non-lowercase namespace: alchemicalwizardryBooks in C:\Users\123\.gradle\caches\modules-2\files-2.1\com.github.GTNewHorizons\BloodMagic\1.6.2\f6e222177e7665ea2a6afb44533cfef6cb4f7091\BloodMagic-1.6.2-dev.jar
[14:57:29] [Client thread/WARN]: ResourcePack: ignored non-lowercase namespace: alchemicalwizardryBooks in C:\Users\123\.gradle\caches\modules-2\files-2.1\com.github.GTNewHorizons\BloodMagic\1.6.2\f6e222177e7665ea2a6afb44533cfef6cb4f7091\BloodMagic-1.6.2-dev.jar
[14:57:29] [Client thread/WARN]: ResourcePack: ignored non-lowercase namespace: alchemicalwizardryBooks in C:\Users\123\.gradle\caches\modules-2\files-2.1\com.github.GTNewHorizons\BloodMagic\1.6.2\f6e222177e7665ea2a6afb44533cfef6cb4f7091\BloodMagic-1.6.2-dev.jar
[14:57:29] [Client thread/WARN]: ResourcePack: ignored non-lowercase namespace: alchemicalwizardryBooks in C:\Users\123\.gradle\caches\modules-2\files-2.1\com.github.GTNewHorizons\BloodMagic\1.6.2\f6e222177e7665ea2a6afb44533cfef6cb4f7091\BloodMagic-1.6.2-dev.jar
[14:57:29] [Client thread/WARN]: ResourcePack: ignored non-lowercase namespace: alchemicalwizardryBooks in C:\Users\123\.gradle\caches\modules-2\files-2.1\com.github.GTNewHorizons\BloodMagic\1.6.2\f6e222177e7665ea2a6afb44533cfef6cb4f7091\BloodMagic-1.6.2-dev.jar
[14:57:36] [Client thread/INFO]: Created: 4096x2048 textures/blocks-atlas
[14:57:43] [Client thread/INFO]: Created: 4096x2048 textures/items-atlas
[14:57:44] [Sound Library Loader/INFO]: Sound engine started
[14:58:00] [Server thread/INFO]: Starting integrated minecraft server version 1.7.10
[14:58:00] [Server thread/INFO]: Generating keypair
[14:58:00] [Server thread/INFO]: Preparing start region for level 0
[14:58:02] [Server thread/INFO]: Changing view distance to 8, from 10
[14:58:03] [Server thread/INFO]: ABKQPO[local:E:580ff500] logged in with entity id 157 at (-301.97161496796787, 56.0, -567.7987140249754)
[14:58:03] [Server thread/INFO]: ABKQPO 加入了游戏
[14:58:04] [Client thread/INFO]: [CHAT] §6§m-----------------------------------------------------
[14:58:04] [Client thread/INFO]: [CHAT] §lWelcome to Gregtech: New Horizons §a2.7.0
[14:58:04] [Client thread/INFO]: [CHAT] §9The Quest Book has a shortcut key, check your keybindings
[14:58:04] [Client thread/INFO]: [CHAT] §9to remove conflicts.
[14:58:04] [Client thread/INFO]: [CHAT] §2GTNH WIKI link https://gtnh.miraheze.org/wiki/
[14:58:04] [Client thread/INFO]: [CHAT] §aPlease report bugs here:
[14:58:04] [Client thread/INFO]: [CHAT] §6https://github.com/GTNewHorizons/GT-New-Horizons-Modpack/
[14:58:04] [Client thread/INFO]: [CHAT] §9Visit our discord at https://discord.gg/gtnh
[14:58:04] [Client thread/INFO]: [CHAT] §6§m-----------------------------------------------------
[14:58:05] [Server thread/WARN]: Can't keep up! Did the system time change, or is the server overloaded? Running 2415ms behind, skipping 48 tick(s)
[14:58:06] [Client thread/INFO]: [CHAT] §cTainted Magic failed to connect to update server!
[14:58:08] [Server thread/INFO]: Saving and pausing game...
[14:58:08] [Server thread/INFO]: Saving chunks for level '新的世界'/Overworld
[14:58:09] [Server thread/INFO]: Saving chunks for level '新的世界'/Nether
[14:58:09] [Server thread/INFO]: Saving chunks for level '新的世界'/The End
[14:58:09] [Server thread/INFO]: Saving chunks for level '新的世界'/Underdark
[14:58:09] [Server thread/INFO]: Saving chunks for level '新的世界'/The Last Millenium
[14:58:09] [Server thread/INFO]: Saving chunks for level '新的世界'/月球
[14:58:09] [Server thread/INFO]: Saving chunks for level '新的世界'/火星
[14:58:09] [Server thread/INFO]: Saving chunks for level '新的世界'/小行星
[14:58:09] [Server thread/INFO]: Saving chunks for level '新的世界'/罗斯128b
[14:58:09] [Server thread/INFO]: Saving chunks for level '新的世界'/罗斯128ba
[14:58:09] [Server thread/INFO]: Saving chunks for level '新的世界'/Spirit World
[14:58:09] [Server thread/INFO]: Saving chunks for level '新的世界'/Torment
[14:58:09] [Server thread/INFO]: Saving chunks for level '新的世界'/Mirror
[14:58:09] [Server thread/INFO]: Saving chunks for level '新的世界'/The Outer Lands
[14:58:09] [Server thread/INFO]: Saving chunks for level '新的世界'/水星
[14:58:09] [Server thread/INFO]: Saving chunks for level '新的世界'/金星
[14:58:09] [Server thread/INFO]: Saving chunks for level '新的世界'/谷神星
[14:58:09] [Server thread/INFO]: Saving chunks for level '新的世界'/冥王星
[14:58:09] [Server thread/INFO]: Saving chunks for level '新的世界'/柯伊伯带
[14:58:09] [Server thread/INFO]: Saving chunks for level '新的世界'/鸟神星
[14:58:09] [Server thread/INFO]: Saving chunks for level '新的世界'/火卫一
[14:58:09] [Server thread/INFO]: Saving chunks for level '新的世界'/dimensionDarkWorld
[14:58:09] [Server thread/INFO]: Saving chunks for level '新的世界'/火卫二
[14:58:09] [Server thread/INFO]: Saving chunks for level '新的世界'/木卫一
[14:58:09] [Server thread/INFO]: Saving chunks for level '新的世界'/木卫二
[14:58:09] [Server thread/INFO]: Saving chunks for level '新的世界'/木卫三
[14:58:09] [Server thread/INFO]: Saving chunks for level '新的世界'/土卫二
[14:58:09] [Server thread/INFO]: Saving chunks for level '新的世界'/土卫六
[14:58:09] [Server thread/INFO]: Saving chunks for level '新的世界'/天卫四
[14:58:09] [Server thread/INFO]: Saving chunks for level '新的世界'/海卫八
[14:58:09] [Server thread/INFO]: Saving chunks for level '新的世界'/海卫一
[14:58:09] [Server thread/INFO]: Saving chunks for level '新的世界'/半人马Bb
[14:58:09] [Server thread/INFO]: Saving chunks for level '新的世界'/巴纳德C
[14:58:09] [Server thread/INFO]: Saving chunks for level '新的世界'/巴纳德E
[14:58:09] [Server thread/INFO]: Saving chunks for level '新的世界'/木卫四
[14:58:09] [Server thread/INFO]: Saving chunks for level '新的世界'/妊神星
[14:58:09] [Server thread/INFO]: Saving chunks for level '新的世界'/巴纳德F
[14:58:09] [Server thread/INFO]: Saving chunks for level '新的世界'/织女一B
[14:58:09] [Server thread/INFO]: Saving chunks for level '新的世界'/鲸鱼座T星E
[14:58:09] [Server thread/INFO]: Saving chunks for level '新的世界'/天卫五
[14:58:09] [Server thread/INFO]: Saving chunks for level '新的世界'/木星
[14:58:09] [Server thread/INFO]: Saving chunks for level '新的世界'/海王星
[14:58:09] [Server thread/INFO]: Saving chunks for level '新的世界'/土星
[14:58:09] [Server thread/INFO]: Saving chunks for level '新的世界'/天王星
